Unknown:
C:\Users\elvin\AppData\Local\Temp\CSTDE1\Temp\DE\Untitled_0\Result\farfield (f=2)2D_1.ffp
C:\Users\elvin\AppData\Local\Temp\CSTDE1\Temp\DE\Untitled_0\Result\farfield (f=2)_1.fme
C:\Users\elvin\AppData\Local\Temp\CSTDE1\Temp\DE\Untitled_0\Result\farfield (f=2.5)2D_1.ffp
C:\Users\elvin\AppData\Local\Temp\CSTDE1\Temp\DE\Untitled_0\Result\farfield (f=2.5)_1.fme
C:\Users\elvin\AppData\Local\Temp\CSTDE1\Temp\DE\Untitled_0\Result\farfield (f=3)2D_1.ffp
C:\Users\elvin\AppData\Local\Temp\CSTDE1\Temp\DE\Untitled_0\Result\farfield (f=3)_1.fme
C:\Users\elvin\AppData\Local\Temp\CSTDE1\Temp\DE\Untitled_0\Result\Hex.gap
C:\Users\elvin\AppData\Local\Temp\CSTDE1\Temp\DE\Untitled_0\Result\MCalc-Facets-1xN.log
C:\Users\elvin\AppData\Local\Temp\CSTDE1\Temp\DE\Untitled_0\Result\MCalc-Facets-PP.log
C:\Users\elvin\AppData\Local\Temp\CSTDE1\Temp\DE\Untitled_0\Result\MCalc.ddi
C:\Users\elvin\AppData\Local\Temp\CSTDE1\Temp\DE\Untitled_0\Result\MCalc.log
C:\Users\elvin\AppData\Local\Temp\CSTDE1\Temp\DE\Untitled_0\Result\ml_info.log
C:\Users\elvin\AppData\Local\Temp\CSTDE1\Temp\DE\Untitled_0\Result\Model.axg
C:\Users\elvin\AppData\Local\Temp\CSTDE1\Temp\DE\Untitled_0\Result\Model.ddi
C:\Users\elvin\AppData\Local\Temp\CSTDE1\Temp\DE\Untitled_0\Result\Model.log
C:\Users\elvin\AppData\Local\Temp\CSTDE1\Temp\DE\Untitled_0\Result\Model.sa
C:\Users\elvin\AppData\Local\Temp\CSTDE1\Temp\DE\Untitled_0\Result\Model.sam
C:\Users\elvin\AppData\Local\Temp\CSTDE1\Temp\DE\Untitled_0\Result\Model_m1.sam
C:\Users\elvin\AppData\Local\Temp\CSTDE1\Temp\DE\Untitled_0\Result\m^fifx.dsc
C:\Users\elvin\AppData\Local\Temp\CSTDE1\Temp\DE\Untitled_0\Result\m^fqq.dsc
C:\Users\elvin\AppData\Local\Temp\CSTDE1\Temp\DE\Untitled_0\Result\Ports.web
C:\Users\elvin\AppData\Local\Temp\CSTDE1\Temp\DE\Untitled_0\Result\p^a.dsc
C:\Users\elvin\AppData\Local\Temp\CSTDE1\Temp\DE\Untitled_0\Result\P^m^fbqq.slog
C:\Users\elvin\AppData\Local\Temp\CSTDE1\Temp\DE\Untitled_0\Result\P^m^fqq.slog
C:\Users\elvin\AppData\Local\Temp\CSTDE1\Temp\DE\Untitled_0\Result\P^p^m.slog
C:\Users\elvin\AppData\Local\Temp\CSTDE1\Temp\DE\Untitled_0\Result\P^s^pm.slog
Mesh:
C:\Users\elvin\AppData\Local\Temp\CSTDE1\Temp\DE\Untitled_0\Result\dA.mat
C:\Users\elvin\AppData\Local\Temp\CSTDE1\Temp\DE\Untitled_0\Result\dad.mat
C:\Users\elvin\AppData\Local\Temp\CSTDE1\Temp\DE\Untitled_0\Result\ds.mat
C:\Users\elvin\AppData\Local\Temp\CSTDE1\Temp\DE\Untitled_0\Result\dsd.mat
C:\Users\elvin\AppData\Local\Temp\CSTDE1\Temp\DE\Untitled_0\Result\dsMCalc.mat
C:\Users\elvin\AppData\Local\Temp\CSTDE1\Temp\DE\Untitled_0\Result\Eps.mat
C:\Users\elvin\AppData\Local\Temp\CSTDE1\Temp\DE\Untitled_0\Result\HexMatrix.m2h
C:\Users\elvin\AppData\Local\Temp\CSTDE1\Temp\DE\Untitled_0\Result\HexMatrix_MCalc.m2h
C:\Users\elvin\AppData\Local\Temp\CSTDE1\Temp\DE\Untitled_0\Result\MCalc.fmp
C:\Users\elvin\AppData\Local\Temp\CSTDE1\Temp\DE\Untitled_0\Result\MCalc.xcfd
C:\Users\elvin\AppData\Local\Temp\CSTDE1\Temp\DE\Untitled_0\Result\Meta.m2h
C:\Users\elvin\AppData\Local\Temp\CSTDE1\Temp\DE\Untitled_0\Result\Meta.mat
C:\Users\elvin\AppData\Local\Temp\CSTDE1\Temp\DE\Untitled_0\Result\Model.cct
C:\Users\elvin\AppData\Local\Temp\CSTDE1\Temp\DE\Untitled_0\Result\Model.fmf
C:\Users\elvin\AppData\Local\Temp\CSTDE1\Temp\DE\Untitled_0\Result\Model.fmm
C:\Users\elvin\AppData\Local\Temp\CSTDE1\Temp\DE\Untitled_0\Result\Model.fpc
C:\Users\elvin\AppData\Local\Temp\CSTDE1\Temp\DE\Untitled_0\Result\Model.fwf
C:\Users\elvin\AppData\Local\Temp\CSTDE1\Temp\DE\Untitled_0\Result\Model.sid
C:\Users\elvin\AppData\Local\Temp\CSTDE1\Temp\DE\Untitled_0\Result\Model.spi
C:\Users\elvin\AppData\Local\Temp\CSTDE1\Temp\DE\Untitled_0\Result\Model.xcfd
C:\Users\elvin\AppData\Local\Temp\CSTDE1\Temp\DE\Untitled_0\Result\Model^PEC.fpf
C:\Users\elvin\AppData\Local\Temp\CSTDE1\Temp\DE\Untitled_0\Result\Mue.mat
C:\Users\elvin\AppData\Local\Temp\CSTDE1\Temp\DE\Untitled_0\Result\m^fqq.mem
C:\Users\elvin\AppData\Local\Temp\CSTDE1\Temp\DE\Untitled_0\Result\PEC.mat
C:\Users\elvin\AppData\Local\Temp\CSTDE1\Temp\DE\Untitled_0\Result\Ports.fpt
C:\Users\elvin\AppData\Local\Temp\CSTDE1\Temp\DE\Untitled_0\Result\p^a.mem
C:\Users\elvin\AppData\Local\Temp\CSTDE1\Temp\DE\Untitled_0\Result\p^m.mem
C:\Users\elvin\AppData\Local\Temp\CSTDE1\Temp\DE\Untitled_0\Result\S2HMatrix.m2h
C:\Users\elvin\AppData\Local\Temp\CSTDE1\Temp\DE\Untitled_0\Result\Shapes.con
C:\Users\elvin\AppData\Local\Temp\CSTDE1\Temp\DE\Untitled_0\Result\s^pm.mem
Port:
C:\Users\elvin\AppData\Local\Temp\CSTDE1\Temp\DE\Untitled_0\Result\Model.pmi
