Unknown:
C:\Users\elvin\Documents\code\Project-Zeggreus\Simulations\Antenna\Biquad\Result\farfield (f=2)_1.fme
C:\Users\elvin\Documents\code\Project-Zeggreus\Simulations\Antenna\Biquad\Result\farfield (f=2.45)_1.fme
C:\Users\elvin\Documents\code\Project-Zeggreus\Simulations\Antenna\Biquad\Result\farfield (f=2.9)_1.fme
C:\Users\elvin\Documents\code\Project-Zeggreus\Simulations\Antenna\Biquad\Result\Hex.gap
C:\Users\elvin\Documents\code\Project-Zeggreus\Simulations\Antenna\Biquad\Result\MCalc-Facets-1xN.log
C:\Users\elvin\Documents\code\Project-Zeggreus\Simulations\Antenna\Biquad\Result\MCalc-Facets-PP.log
C:\Users\elvin\Documents\code\Project-Zeggreus\Simulations\Antenna\Biquad\Result\MCalc.ddi
C:\Users\elvin\Documents\code\Project-Zeggreus\Simulations\Antenna\Biquad\Result\MCalc.log
C:\Users\elvin\Documents\code\Project-Zeggreus\Simulations\Antenna\Biquad\Result\ml_info.log
C:\Users\elvin\Documents\code\Project-Zeggreus\Simulations\Antenna\Biquad\Result\Model.axg
C:\Users\elvin\Documents\code\Project-Zeggreus\Simulations\Antenna\Biquad\Result\Model.coco
C:\Users\elvin\Documents\code\Project-Zeggreus\Simulations\Antenna\Biquad\Result\Model.ddi
C:\Users\elvin\Documents\code\Project-Zeggreus\Simulations\Antenna\Biquad\Result\Model.log
C:\Users\elvin\Documents\code\Project-Zeggreus\Simulations\Antenna\Biquad\Result\Model.sa
C:\Users\elvin\Documents\code\Project-Zeggreus\Simulations\Antenna\Biquad\Result\Model.sam
C:\Users\elvin\Documents\code\Project-Zeggreus\Simulations\Antenna\Biquad\Result\Model_m1.sam
C:\Users\elvin\Documents\code\Project-Zeggreus\Simulations\Antenna\Biquad\Result\m^fifx.dsc
C:\Users\elvin\Documents\code\Project-Zeggreus\Simulations\Antenna\Biquad\Result\m^fqq.dsc
C:\Users\elvin\Documents\code\Project-Zeggreus\Simulations\Antenna\Biquad\Result\Ports.web
C:\Users\elvin\Documents\code\Project-Zeggreus\Simulations\Antenna\Biquad\Result\p^a.dsc
C:\Users\elvin\Documents\code\Project-Zeggreus\Simulations\Antenna\Biquad\Result\P^m^fbqq.slog
C:\Users\elvin\Documents\code\Project-Zeggreus\Simulations\Antenna\Biquad\Result\P^m^fqq.slog
C:\Users\elvin\Documents\code\Project-Zeggreus\Simulations\Antenna\Biquad\Result\P^p^m.slog
C:\Users\elvin\Documents\code\Project-Zeggreus\Simulations\Antenna\Biquad\Result\P^s^pm.slog
C:\Users\elvin\Documents\code\Project-Zeggreus\Simulations\Antenna\Biquad\Result\WEP.log
Mesh:
C:\Users\elvin\Documents\code\Project-Zeggreus\Simulations\Antenna\Biquad\Result\dA.mat
C:\Users\elvin\Documents\code\Project-Zeggreus\Simulations\Antenna\Biquad\Result\dad.mat
C:\Users\elvin\Documents\code\Project-Zeggreus\Simulations\Antenna\Biquad\Result\ds.mat
C:\Users\elvin\Documents\code\Project-Zeggreus\Simulations\Antenna\Biquad\Result\dsd.mat
C:\Users\elvin\Documents\code\Project-Zeggreus\Simulations\Antenna\Biquad\Result\dsMCalc.mat
C:\Users\elvin\Documents\code\Project-Zeggreus\Simulations\Antenna\Biquad\Result\Eps.mat
C:\Users\elvin\Documents\code\Project-Zeggreus\Simulations\Antenna\Biquad\Result\HexMatrix.m2h
C:\Users\elvin\Documents\code\Project-Zeggreus\Simulations\Antenna\Biquad\Result\HexMatrix_MCalc.m2h
C:\Users\elvin\Documents\code\Project-Zeggreus\Simulations\Antenna\Biquad\Result\MCalc.fmp
C:\Users\elvin\Documents\code\Project-Zeggreus\Simulations\Antenna\Biquad\Result\MCalc.xcfd
C:\Users\elvin\Documents\code\Project-Zeggreus\Simulations\Antenna\Biquad\Result\Meta.m2h
C:\Users\elvin\Documents\code\Project-Zeggreus\Simulations\Antenna\Biquad\Result\Meta.mat
C:\Users\elvin\Documents\code\Project-Zeggreus\Simulations\Antenna\Biquad\Result\Model.cct
C:\Users\elvin\Documents\code\Project-Zeggreus\Simulations\Antenna\Biquad\Result\Model.fmf
C:\Users\elvin\Documents\code\Project-Zeggreus\Simulations\Antenna\Biquad\Result\Model.fmm
C:\Users\elvin\Documents\code\Project-Zeggreus\Simulations\Antenna\Biquad\Result\Model.fpc
C:\Users\elvin\Documents\code\Project-Zeggreus\Simulations\Antenna\Biquad\Result\Model.fwf
C:\Users\elvin\Documents\code\Project-Zeggreus\Simulations\Antenna\Biquad\Result\Model.sic
C:\Users\elvin\Documents\code\Project-Zeggreus\Simulations\Antenna\Biquad\Result\Model.sid
C:\Users\elvin\Documents\code\Project-Zeggreus\Simulations\Antenna\Biquad\Result\Model.spi
C:\Users\elvin\Documents\code\Project-Zeggreus\Simulations\Antenna\Biquad\Result\Model.xcfd
C:\Users\elvin\Documents\code\Project-Zeggreus\Simulations\Antenna\Biquad\Result\Model^PEC.fpf
C:\Users\elvin\Documents\code\Project-Zeggreus\Simulations\Antenna\Biquad\Result\Mue.mat
C:\Users\elvin\Documents\code\Project-Zeggreus\Simulations\Antenna\Biquad\Result\m^fqq.mem
C:\Users\elvin\Documents\code\Project-Zeggreus\Simulations\Antenna\Biquad\Result\PEC.mat
C:\Users\elvin\Documents\code\Project-Zeggreus\Simulations\Antenna\Biquad\Result\Ports.fpt
C:\Users\elvin\Documents\code\Project-Zeggreus\Simulations\Antenna\Biquad\Result\p^a.mem
C:\Users\elvin\Documents\code\Project-Zeggreus\Simulations\Antenna\Biquad\Result\p^m.mem
C:\Users\elvin\Documents\code\Project-Zeggreus\Simulations\Antenna\Biquad\Result\Rho.mat
C:\Users\elvin\Documents\code\Project-Zeggreus\Simulations\Antenna\Biquad\Result\S2HMatrix.m2h
C:\Users\elvin\Documents\code\Project-Zeggreus\Simulations\Antenna\Biquad\Result\Shapes.con
C:\Users\elvin\Documents\code\Project-Zeggreus\Simulations\Antenna\Biquad\Result\s^pm.mem
Port:
C:\Users\elvin\Documents\code\Project-Zeggreus\Simulations\Antenna\Biquad\Result\Model.pmi
